[2026-05-12T21:06:06.724369] === 启动开始 ===
[2026-05-12T21:06:06.724369] step 1: fix_proxy
[2026-05-12T21:06:06.827369] step 1 done
[2026-05-12T21:06:06.827369] step 2: import ChatWindow
[2026-05-12T21:06:07.380693] step 2 done
[2026-05-12T21:06:07.380693] step 5: mainloop start
[2026-05-12T21:06:07.380693] step 3: ChatWindow()
[2026-05-12T21:06:08.052363] step 4: mainloop()
[2026-05-12T21:07:13.239833] === 启动开始 ===
[2026-05-12T21:07:13.239833] step 1: fix_proxy
[2026-05-12T21:07:13.337833] step 1 done
[2026-05-12T21:07:13.337833] step 2: import ChatWindow
[2026-05-12T21:07:13.767444] step 2 done
[2026-05-12T21:07:13.767444] step 5: mainloop start
[2026-05-12T21:07:13.768444] step 3: ChatWindow()
[2026-05-12T21:07:14.400322] step 4: mainloop()
[2026-05-12T21:10:21.728834] === 启动开始 ===
[2026-05-12T21:10:21.728834] step 1: fix_proxy
[2026-05-12T21:10:21.818834] step 1 done
[2026-05-12T21:10:21.818834] step 2: import ChatWindow
[2026-05-12T21:10:22.231156] step 2 done
[2026-05-12T21:10:22.231156] step 5: mainloop start
[2026-05-12T21:10:22.232156] step 3: ChatWindow()
[2026-05-12T21:10:22.873894] step 4: mainloop()
[2026-05-12T21:16:00.784529] === 启动开始 ===
[2026-05-12T21:16:00.784529] step 1: fix_proxy
[2026-05-12T21:16:00.874528] step 1 done
[2026-05-12T21:16:00.875529] step 2: import ChatWindow
[2026-05-12T21:16:01.284162] step 2 done
[2026-05-12T21:16:01.284162] step 5: mainloop start
[2026-05-12T21:16:01.284162] step 3: ChatWindow()
[2026-05-12T21:16:01.892200] step 4: mainloop()
[2026-05-12T21:17:21.317709] === 启动开始 ===
[2026-05-12T21:17:21.317709] step 1: fix_proxy
[2026-05-12T21:17:21.410709] step 1 done
[2026-05-12T21:17:21.411708] step 2: import ChatWindow
[2026-05-12T21:17:21.801717] step 2 done
[2026-05-12T21:17:21.801717] step 5: mainloop start
[2026-05-12T21:17:21.802716] step 3: ChatWindow()
[2026-05-12T21:17:22.395065] step 4: mainloop()
[2026-05-12T21:17:34.340840] === 正常退出 ===
[2026-05-12T21:17:34.340840] === main 结束 ===
[2026-05-12T21:29:20.272340] === 启动开始 ===
[2026-05-12T21:29:20.273341] step 1: fix_proxy
[2026-05-12T21:29:20.383340] step 1 done
[2026-05-12T21:29:20.383340] step 2: import ChatWindow
[2026-05-12T21:29:20.954411] step 2 done
[2026-05-12T21:29:20.955407] step 5: mainloop start
[2026-05-12T21:29:20.955407] step 3: ChatWindow()
[2026-05-12T21:29:21.589160] step 4: mainloop()
[2026-05-12T21:32:16.103059] === 启动开始 ===
[2026-05-12T21:32:16.104058] step 1: fix_proxy
[2026-05-12T21:32:16.197059] step 1 done
[2026-05-12T21:32:16.198059] step 2: import ChatWindow
[2026-05-12T21:32:16.614212] step 2 done
[2026-05-12T21:32:16.614212] step 5: mainloop start
[2026-05-12T21:32:16.615212] step 3: ChatWindow()
[2026-05-12T21:32:17.268622] step 4: mainloop()
[2026-05-12T21:51:07.860358] === 启动开始 ===
[2026-05-12T21:51:07.860358] step 1: fix_proxy
[2026-05-12T21:51:07.968947] step 1 done
[2026-05-12T21:51:07.968947] step 2: import ChatWindow
[2026-05-12T21:51:08.396667] step 2 done
[2026-05-12T21:51:08.396667] step 5: mainloop start
[2026-05-12T21:51:08.397667] step 3: ChatWindow()
[2026-05-12T21:51:09.005270] step 4: mainloop()
[2026-05-12T22:00:31.409182] === 启动开始 ===
[2026-05-12T22:00:31.409182] step 1: fix_proxy
[2026-05-12T22:00:31.502729] step 1 done
[2026-05-12T22:00:31.502729] step 2: import ChatWindow
[2026-05-12T22:00:31.940724] step 2 done
[2026-05-12T22:00:31.941723] step 5: mainloop start
[2026-05-12T22:00:31.941723] step 3: ChatWindow()
[2026-05-12T22:00:32.654679] step 4: mainloop()
[2026-05-13T10:40:33.964614] === 正常退出 ===
[2026-05-13T10:40:33.965615] === main 结束 ===
[2026-05-13T11:16:55.284039] === 启动开始 ===
[2026-05-13T11:16:55.284039] step 1: fix_proxy
[2026-05-13T11:16:55.391910] step 1 done
[2026-05-13T11:16:55.391910] step 2: import ChatWindow
[2026-05-13T11:16:56.017898] step 2 done
[2026-05-13T11:16:56.017898] step 5: mainloop start
[2026-05-13T11:16:56.018899] step 3: ChatWindow()
[2026-05-13T11:16:56.702264] step 4: mainloop()
[2026-05-13T11:37:43.454466] === 正常退出 ===
[2026-05-13T11:37:43.454466] === main 结束 ===
[2026-05-13T12:20:38.959558] === 启动开始 ===
[2026-05-13T12:20:38.959558] step 1: fix_proxy
[2026-05-13T12:20:39.061360] step 1 done
[2026-05-13T12:20:39.061360] step 2: import ChatWindow
[2026-05-13T12:20:39.568931] step 2 done
[2026-05-13T12:20:39.568931] step 5: mainloop start
[2026-05-13T12:20:39.569931] step 3: ChatWindow()
[2026-05-13T12:20:40.321970] step 4: mainloop()
[2026-05-13T12:27:39.629312] === 启动开始 ===
[2026-05-13T12:27:39.629312] step 1: fix_proxy
[2026-05-13T12:27:39.750311] step 1 done
[2026-05-13T12:27:39.750311] step 2: import ChatWindow
[2026-05-13T12:27:40.200745] step 2 done
[2026-05-13T12:27:40.200745] step 5: mainloop start
[2026-05-13T12:27:40.201745] step 3: ChatWindow()
[2026-05-13T12:27:40.911885] step 4: mainloop()
[2026-05-13T12:35:52.320730] === 正常退出 ===
[2026-05-13T12:35:52.320730] === main 结束 ===
[2026-05-13T12:35:58.990789] === 启动开始 ===
[2026-05-13T12:35:58.990789] step 1: fix_proxy
[2026-05-13T12:35:59.093465] step 1 done
[2026-05-13T12:35:59.093465] step 2: import ChatWindow
[2026-05-13T12:35:59.559270] step 2 done
[2026-05-13T12:35:59.560269] step 5: mainloop start
[2026-05-13T12:35:59.561270] step 3: ChatWindow()
[2026-05-13T12:36:00.273854] step 4: mainloop()
[2026-05-13T15:03:23.663304] === 启动开始 ===
[2026-05-13T15:03:23.664303] step 1: fix_proxy
[2026-05-13T15:03:23.776848] step 1 done
[2026-05-13T15:03:23.777847] step 2: import ChatWindow
[2026-05-13T15:03:24.553996] step 2 done
[2026-05-13T15:03:24.554995] step 5: mainloop start
[2026-05-13T15:03:24.554995] step 3: ChatWindow()
[2026-05-13T15:03:25.441307] step 4: mainloop()
[2026-05-13T15:52:19.036547] === 正常退出 ===
[2026-05-13T15:52:19.036547] === main 结束 ===
[2026-05-13T15:54:59.574873] === 启动开始 ===
[2026-05-13T15:54:59.574873] step 1: fix_proxy
[2026-05-13T15:54:59.675887] step 1 done
[2026-05-13T15:54:59.675887] step 2: import ChatWindow
[2026-05-13T15:55:00.145603] step 2 done
[2026-05-13T15:55:00.146603] step 5: mainloop start
[2026-05-13T15:55:00.146603] step 3: ChatWindow()
[2026-05-13T15:55:00.843015] step 4: mainloop()
[2026-05-13T15:55:10.924989] === 正常退出 ===
[2026-05-13T15:55:10.925989] === main 结束 ===
[2026-05-13T17:07:21.159258] === 启动开始 ===
[2026-05-13T17:07:21.160256] step 1: fix_proxy
[2026-05-13T17:07:21.254036] step 1 done
[2026-05-13T17:07:21.254036] step 2: import ChatWindow
[2026-05-13T17:07:21.713037] step 2 done
[2026-05-13T17:07:21.713037] step 5: mainloop start
[2026-05-13T17:07:21.714035] step 3: ChatWindow()
[2026-05-13T17:07:22.487693] step 4: mainloop()
[2026-05-13T17:24:07.633757] === 正常退出 ===
[2026-05-13T17:24:07.634758] === main 结束 ===
[2026-05-13T18:33:03.986993] === 启动开始 ===
[2026-05-13T18:33:03.986993] step 1: fix_proxy
[2026-05-13T18:33:04.073991] step 1 done
[2026-05-13T18:33:04.073991] step 2: import ChatWindow
[2026-05-13T18:33:04.477991] step 2 done
[2026-05-13T18:33:04.477991] step 5: mainloop start
[2026-05-13T18:33:04.478991] step 3: ChatWindow()
[2026-05-13T18:33:05.089675] step 4: mainloop()
[2026-05-13T18:54:38.004396] === 正常退出 ===
[2026-05-13T18:54:38.004396] === main 结束 ===
[2026-05-13T18:57:10.355853] === 启动开始 ===
[2026-05-13T18:57:10.355853] step 1: fix_proxy
[2026-05-13T18:57:10.441470] step 1 done
[2026-05-13T18:57:10.441470] step 2: import ChatWindow
[2026-05-13T18:57:10.839466] step 2 done
[2026-05-13T18:57:10.839466] step 5: mainloop start
[2026-05-13T18:57:10.839466] step 3: ChatWindow()
[2026-05-13T18:57:11.551364] step 4: mainloop()
[2026-05-13T19:59:42.725754] === 正常退出 ===
[2026-05-13T19:59:42.726754] === main 结束 ===
[2026-05-13T20:19:59.151033] === 启动开始 ===
[2026-05-13T20:19:59.151033] step 1: fix_proxy
[2026-05-13T20:19:59.250660] step 1 done
[2026-05-13T20:19:59.250660] step 2: import ChatWindow
[2026-05-13T20:19:59.703610] step 2 done
[2026-05-13T20:19:59.704609] step 5: mainloop start
[2026-05-13T20:19:59.705608] step 3: ChatWindow()
[2026-05-13T20:20:00.377365] step 4: mainloop()
[2026-05-13T20:27:50.483166] === 正常退出 ===
[2026-05-13T20:27:50.483166] === main 结束 ===
[2026-05-13T20:27:59.357548] === 启动开始 ===
[2026-05-13T20:27:59.357548] step 1: fix_proxy
[2026-05-13T20:27:59.457894] step 1 done
[2026-05-13T20:27:59.457894] step 2: import ChatWindow
[2026-05-13T20:27:59.876007] step 2 done
[2026-05-13T20:27:59.877008] step 5: mainloop start
[2026-05-13T20:27:59.877008] step 3: ChatWindow()
[2026-05-13T20:28:00.630071] step 4: mainloop()
[2026-05-13T20:29:36.115771] === 启动开始 ===
[2026-05-13T20:29:36.115771] step 1: fix_proxy
[2026-05-13T20:29:36.203070] step 1 done
[2026-05-13T20:29:36.203070] step 2: import ChatWindow
[2026-05-13T20:29:36.580256] step 2 done
[2026-05-13T20:29:36.580256] step 5: mainloop start
[2026-05-13T20:29:36.580256] step 3: ChatWindow()
[2026-05-13T20:29:37.402493] step 4: mainloop()
[2026-05-13T20:30:51.340447] === 正常退出 ===
[2026-05-13T20:30:51.340447] === main 结束 ===
[2026-05-13T20:31:00.710270] === 启动开始 ===
[2026-05-13T20:31:00.711268] step 1: fix_proxy
[2026-05-13T20:31:00.799977] step 1 done
[2026-05-13T20:31:00.800977] step 2: import ChatWindow
[2026-05-13T20:31:01.198939] step 2 done
[2026-05-13T20:31:01.198939] step 5: mainloop start
[2026-05-13T20:31:01.199939] step 3: ChatWindow()
[2026-05-13T20:31:01.833486] step 4: mainloop()
[2026-05-13T20:33:54.113569] === 正常退出 ===
[2026-05-13T20:33:54.113569] === main 结束 ===
[2026-05-14T12:20:18.667990] === 启动开始 ===
[2026-05-14T12:20:18.667990] step 1: fix_proxy
[2026-05-14T12:20:18.759411] step 1 done
[2026-05-14T12:20:18.759411] step 2: import ChatWindow
[2026-05-14T12:20:19.192086] step 2 done
[2026-05-14T12:20:19.192086] step 5: mainloop start
[2026-05-14T12:20:19.193087] step 3: ChatWindow()
[2026-05-14T12:20:19.874110] step 4: mainloop()
[2026-05-14T12:23:16.171141] === 启动开始 ===
[2026-05-14T12:23:16.171141] step 1: fix_proxy
[2026-05-14T12:23:16.260141] step 1 done
[2026-05-14T12:23:16.260141] step 2: import ChatWindow
[2026-05-14T12:23:16.669398] step 2 done
[2026-05-14T12:23:16.670398] step 5: mainloop start
[2026-05-14T12:23:16.670398] step 3: ChatWindow()
[2026-05-14T12:23:17.400510] step 4: mainloop()
[2026-05-14T12:46:26.666200] === 正常退出 ===
[2026-05-14T12:46:26.667200] === main 结束 ===
