=== DIRECT RUN START ===
Step 1: fix_proxy
Step 2: import ChatWindow
Step 3: Creating ChatWindow
Step 4: ChatWindow created
Step 5: Testing engine.chat...
TEXT: Let
TEXT:  me
TEXT:  first
TEXT:  understand
TEXT:  the
TEXT:  current
TEXT:  state
TEXT:  of
TEXT:  the
TEXT:  workspace
TEXT:  and
TEXT:  what
TEXT: 's
TEXT:  been
TEXT:  done
TEXT:  so
TEXT:  far
TEXT: .
TOOL: read_file
TOOL_DONE: read_file
TOOL: read_file
TOOL_DONE: read_file
TOOL: read_file
TOOL_DONE: read_file
TOOL: read_file
TOOL_DONE: read_file
TEXT: Let
TEXT:  me
TEXT:  look
TEXT:  at
TEXT:  the
TEXT:  current
TEXT:  state
TEXT:  of
TEXT:  things
TEXT:  and
TEXT:  understand
TEXT:  what
TEXT:  "
TEXT: 收复
TEXT: "
TEXT:  means
TEXT:  in
TEXT:  this
TEXT:  context
TEXT: .
TEXT:  Let
TEXT:  me
TEXT:  check
TEXT:  the
TEXT:  memory
TEXT: ,
TEXT:  logs
TEXT: ,
TEXT:  and
TEXT:  recent
TEXT:  files
TEXT: .
TOOL: glob
TOOL_DONE: glob
TOOL: glob
TOOL_DONE: glob
TOOL: glob
TOOL_DONE: glob
TOOL: read_file
TOOL_DONE: read_file
TOOL: read_file
TOOL_DONE: read_file
TOOL: glob
TOOL_DONE: glob
TOOL: glob
TOOL_DONE: glob
TOOL: glob
TOOL_DONE: glob
TOOL: read_file
TOOL_DONE: read_file
TOOL: read_file
TOOL_DONE: read_file
TOOL: read_file
TOOL_DONE: read_file
TOOL: read_file
TOOL_DONE: read_file
TOOL: read_file
TOOL_DONE: read_file
TOOL: read_file
TOOL_DONE: read_file
TOOL: read_file
TOOL_DONE: read_file
TOOL: read_file
TOOL_DONE: read_file
TOOL: read_file
TOOL_DONE: read_file
TOOL: read_file
TOOL_DONE: read_file
TOOL: read_file
TOOL_DONE: read_file
TOOL: read_file
TOOL_DONE: read_file
TOOL: read_file
TOOL_DONE: read_file
TOOL: read_file
TOOL_DONE: read_file
TOOL: read_file
TOOL_DONE: read_file
TOOL: read_file
TOOL_DONE: read_file
TEXT: Now
TEXT:  let
TEXT:  me
TEXT:  look
TEXT:  at
TEXT:  the
TEXT:  remaining
TEXT:  key
TEXT:  files
TEXT: :
TOOL: read_file
TOOL_DONE: read_file
TOOL: read_file
TOOL_DONE: read_file
TOOL: read_file
TOOL_DONE: read_file
TOOL: read_file
TOOL_DONE: read_file
TOOL: read_file
TOOL_DONE: read_file
TOOL: read_file
TOOL_DONE: read_file
